[2019-10-05 12:38:28] Acesso do usuário de ID nº: [1], com ocupação [] e role [], a partir de [http://localhost:8000/users/login].
[2019-10-05 12:38:28] Login através do Arquigrafia, pela página http://localhost:8000/users/login, via Web - [VG]
[2019-10-05 12:38:29] Acessou a home page, pela página http://localhost:8000/users/login, via Web - [VG]
[2019-10-05 12:43:13] Acessou a home page, pela página http://localhost:8000/leaderboard, via Web - [VG]
[2019-10-05 12:46:08] Acessou a home page, pela página http://localhost:8000/photos/upload, via Web - [VG]
[2019-10-05 12:46:11] Acessou a home page, pela página http://localhost:8000/home, via Web - [VG]
Timeout atingido, novo acesso detectado
[2019-10-05 13:30:46] Acesso do usuário de ID nº: [1], com ocupação [] e role [], a partir de [http://localhost:8009/users/account].
[2019-10-05 13:30:46] Nova conta criada pelo Arquigrafia, ID nº: 1 - [VG]
[2019-10-05 13:31:36] Acessou a home page, pela página http://localhost:8009/users/account, via Web - [VG]
[2019-10-05 13:31:41] Acessou a home page, pela página http://localhost:8009/users/account, via Web - [VG]
[2019-10-05 13:31:44] Acessou a home page, pela página , via Web - [VG]
[2019-10-05 13:31:44] Acessou a home page, pela página , via Web - [VG]
[2019-10-05 13:31:51] Acessou a home page, pela página , via Web - [VG]
[2019-10-05 13:31:58] Acessou a home page, pela página , via Web - [VG]
[2019-10-05 13:32:22] Acessou a home page, pela página , via Web - [VG]
[2019-10-05 13:34:44] Acessou a home page, pela página , via Web - [VG]
[2019-10-05 13:34:44] Acessou a home page, pela página , via Web - [VG]
[2019-10-05 13:34:49] Logout pela página http://localhost:8000/, via Web - [VG]
[2019-10-05 13:34:53] Login através do Arquigrafia, pela página http://localhost:8000/users/login, via Web - [VG]
[2019-10-05 13:34:53] Acessou a home page, pela página http://localhost:8000/users/login, via Web - [VG]
